<?xml version="1.0" encoding="UTF-8"?>
<!-- Generated by org.testng.reporters.JUnitXMLReporter -->
<testsuite hostname="DESKTOP-CSDHVRH" ignored="0" name="Firefox-Test" tests="2" failures="1" timestamp="03 Nov 2017 18:19:02 GMT" time="10.334" errors="0">
  <testcase name="paso1" time="4.563" classname="com.tsoftlatam.automatizacion.test.extentReport_307.Test1Ejemplo"/>
  <testcase name="paso2" time="0.125" classname="com.tsoftlatam.automatizacion.test.extentReport_307.Test1Ejemplo">
    <failure type="java.lang.AssertionError" message="null">
      <![CDATA[java.lang.AssertionError: null
	at com.tsoftlatam.automatizacion.test.extentReport_307.Test1Ejemplo.paso2(Test1Ejemplo.java:26)
... Removed 31 stack frames]]>
    </failure>
  </testcase> <!-- paso2 -->
</testsuite> <!-- Firefox-Test -->
