<?xml version="1.0" encoding="UTF-8"?>
<testng-results skipped="0" failed="1" ignored="0" total="2" passed="1">
  <reporter-output>
  </reporter-output>
  <suite name="Suite" duration-ms="10334" started-at="2017-11-03T18:18:52Z" finished-at="2017-11-03T18:19:02Z">
    <groups>
    </groups>
    <test name="Firefox-Test" duration-ms="10334" started-at="2017-11-03T18:18:52Z" finished-at="2017-11-03T18:19:02Z">
      <class name="com.tsoftlatam.automatizacion.test.extentReport_307.Test1Ejemplo">
        <test-method status="PASS" signature="beforeSuite()[pri:0, instance:com.tsoftlatam.automatizacion.test.extentReport_307.Test1Ejemplo@d83da2e]" name="beforeSuite" is-config="true" duration-ms="109" started-at="2017-11-03T15:18:52Z" finished-at="2017-11-03T15:18:52Z">
          <reporter-output>
          </reporter-output>
        </test-method> <!-- beforeSuite -->
        <test-method status="PASS" signature="beforeClass(java.lang.String)[pri:0, instance:com.tsoftlatam.automatizacion.test.extentReport_307.Test1Ejemplo@d83da2e]" name="beforeClass" is-config="true" duration-ms="4990" started-at="2017-11-03T15:18:52Z" finished-at="2017-11-03T15:18:57Z">
          <params>
            <param index="0">
              <value>
                <![CDATA[firefox]]>
              </value>
            </param>
          </params>
          <reporter-output>
          </reporter-output>
        </test-method> <!-- beforeClass -->
        <test-method status="PASS" signature="paso1()[pri:0, instance:com.tsoftlatam.automatizacion.test.extentReport_307.Test1Ejemplo@d83da2e]" name="paso1" duration-ms="4563" started-at="2017-11-03T15:18:57Z" finished-at="2017-11-03T15:19:02Z">
          <reporter-output>
          </reporter-output>
        </test-method> <!-- paso1 -->
        <test-method status="PASS" signature="beforeMethod(java.lang.reflect.Method)[pri:0, instance:com.tsoftlatam.automatizacion.test.extentReport_307.Test1Ejemplo@d83da2e]" name="beforeMethod" is-config="true" duration-ms="0" started-at="2017-11-03T15:18:57Z" finished-at="2017-11-03T15:18:57Z">
          <params>
            <param index="0">
              <value>
                <![CDATA[public void com.tsoftlatam.automatizacion.test.extentReport_307.Test1Ejemplo.paso1() throws java.lang.InterruptedException,java.io.IOException]]>
              </value>
            </param>
          </params>
          <reporter-output>
          </reporter-output>
        </test-method> <!-- beforeMethod -->
        <test-method status="PASS" signature="afterMethod()[pri:0, instance:com.tsoftlatam.automatizacion.test.extentReport_307.Test1Ejemplo@d83da2e]" name="afterMethod" is-config="true" duration-ms="234" started-at="2017-11-03T15:19:02Z" finished-at="2017-11-03T15:19:02Z">
          <reporter-output>
          </reporter-output>
        </test-method> <!-- afterMethod -->
        <test-method status="PASS" signature="beforeMethod(java.lang.reflect.Method)[pri:0, instance:com.tsoftlatam.automatizacion.test.extentReport_307.Test1Ejemplo@d83da2e]" name="beforeMethod" is-config="true" duration-ms="0" started-at="2017-11-03T15:19:02Z" finished-at="2017-11-03T15:19:02Z">
          <params>
            <param index="0">
              <value>
                <![CDATA[public void com.tsoftlatam.automatizacion.test.extentReport_307.Test1Ejemplo.paso2() throws java.lang.InterruptedException,java.io.IOException]]>
              </value>
            </param>
          </params>
          <reporter-output>
          </reporter-output>
        </test-method> <!-- beforeMethod -->
        <test-method status="FAIL" signature="paso2()[pri:0, instance:com.tsoftlatam.automatizacion.test.extentReport_307.Test1Ejemplo@d83da2e]" name="paso2" duration-ms="125" started-at="2017-11-03T15:19:02Z" finished-at="2017-11-03T15:19:02Z">
          <exception class="java.lang.AssertionError">
            <message>
              <![CDATA[null]]>
            </message>
            <full-stacktrace>
              <![CDATA[java.lang.AssertionError: null
	at org.testng.Assert.fail(Assert.java:93)
	at org.testng.Assert.fail(Assert.java:100)
	at com.tsoftlatam.automatizacion.test.extentReport_307.Test1Ejemplo.paso2(Test1Ejemplo.java:26)
	at sun.reflect.NativeMethodAccessorImpl.invoke0(Native Method)
	at sun.reflect.NativeMethodAccessorImpl.invoke(NativeMethodAccessorImpl.java:62)
	at sun.reflect.DelegatingMethodAccessorImpl.invoke(DelegatingMethodAccessorImpl.java:43)
	at java.lang.reflect.Method.invoke(Method.java:498)
	at org.testng.internal.MethodInvocationHelper.invokeMethod(MethodInvocationHelper.java:108)
	at org.testng.internal.Invoker.invokeMethod(Invoker.java:661)
	at org.testng.internal.Invoker.invokeTestMethod(Invoker.java:869)
	at org.testng.internal.Invoker.invokeTestMethods(Invoker.java:1193)
	at org.testng.internal.TestMethodWorker.invokeTestMethods(TestMethodWorker.java:126)
	at org.testng.internal.TestMethodWorker.run(TestMethodWorker.java:109)
	at org.testng.TestRunner.privateRun(TestRunner.java:744)
	at org.testng.TestRunner.run(TestRunner.java:602)
	at org.testng.SuiteRunner.runTest(SuiteRunner.java:380)
	at org.testng.SuiteRunner.runSequentially(SuiteRunner.java:375)
	at org.testng.SuiteRunner.privateRun(SuiteRunner.java:340)
	at org.testng.SuiteRunner.run(SuiteRunner.java:289)
	at org.testng.SuiteRunnerWorker.runSuite(SuiteRunnerWorker.java:52)
	at org.testng.SuiteRunnerWorker.run(SuiteRunnerWorker.java:86)
	at org.testng.TestNG.runSuitesSequentially(TestNG.java:1301)
	at org.testng.TestNG.runSuitesLocally(TestNG.java:1226)
	at org.testng.TestNG.runSuites(TestNG.java:1144)
	at org.testng.TestNG.run(TestNG.java:1115)
	at org.apache.maven.surefire.testng.TestNGExecutor.run(TestNGExecutor.java:283)
	at org.apache.maven.surefire.testng.TestNGXmlTestSuite.execute(TestNGXmlTestSuite.java:75)
	at org.apache.maven.surefire.testng.TestNGProvider.invoke(TestNGProvider.java:120)
	at org.apache.maven.surefire.booter.ForkedBooter.invokeProviderInSameClassLoader(ForkedBooter.java:373)
	at org.apache.maven.surefire.booter.ForkedBooter.runSuitesInProcess(ForkedBooter.java:334)
	at org.apache.maven.surefire.booter.ForkedBooter.execute(ForkedBooter.java:119)
	at org.apache.maven.surefire.booter.ForkedBooter.main(ForkedBooter.java:407)
]]>
            </full-stacktrace>
          </exception> <!-- java.lang.AssertionError -->
          <reporter-output>
          </reporter-output>
        </test-method> <!-- paso2 -->
        <test-method status="PASS" signature="afterMethod()[pri:0, instance:com.tsoftlatam.automatizacion.test.extentReport_307.Test1Ejemplo@d83da2e]" name="afterMethod" is-config="true" duration-ms="47" started-at="2017-11-03T15:19:02Z" finished-at="2017-11-03T15:19:02Z">
          <reporter-output>
          </reporter-output>
        </test-method> <!-- afterMethod -->
        <test-method status="PASS" signature="tearDown()[pri:0, instance:com.tsoftlatam.automatizacion.test.extentReport_307.Test1Ejemplo@d83da2e]" name="tearDown" is-config="true" duration-ms="359" started-at="2017-11-03T15:19:02Z" finished-at="2017-11-03T15:19:02Z">
          <reporter-output>
          </reporter-output>
        </test-method> <!-- tearDown -->
        <test-method status="PASS" signature="afterSuite()[pri:0, instance:com.tsoftlatam.automatizacion.test.extentReport_307.Test1Ejemplo@d83da2e]" name="afterSuite" is-config="true" duration-ms="0" started-at="2017-11-03T15:19:02Z" finished-at="2017-11-03T15:19:02Z">
          <reporter-output>
          </reporter-output>
        </test-method> <!-- afterSuite -->
      </class> <!-- com.tsoftlatam.automatizacion.test.extentReport_307.Test1Ejemplo -->
    </test> <!-- Firefox-Test -->
  </suite> <!-- Suite -->
</testng-results>
