<?xml version="1.0" encoding="UTF-8"?>
<testng-results skipped="0" failed="1" ignored="0" total="6" passed="5">
  <reporter-output>
  </reporter-output>
  <suite name="Suite" duration-ms="44175" started-at="2017-11-03T20:17:18Z" finished-at="2017-11-03T20:18:02Z">
    <groups>
    </groups>
    <test name="Firefox-Test" duration-ms="22161" started-at="2017-11-03T20:17:18Z" finished-at="2017-11-03T20:17:40Z">
      <class name="com.tsoftlatam.automatizacion.test.extentReport_2412.Test1Ejemplo">
        <test-method status="PASS" signature="setup(java.lang.String)[pri:0, instance:com.tsoftlatam.automatizacion.test.extentReport_2412.Test1Ejemplo@78e117e3]" name="setup" is-config="true" duration-ms="7504" started-at="2017-11-03T17:17:18Z" finished-at="2017-11-03T17:17:26Z">
          <params>
            <param index="0">
              <value>
                <![CDATA[mozilla]]>
              </value>
            </param>
          </params>
          <reporter-output>
          </reporter-output>
        </test-method> <!-- setup -->
        <test-method status="PASS" signature="obtenerNombreDeLosMetodos(java.lang.reflect.Method)[pri:0, instance:com.tsoftlatam.automatizacion.test.extentReport_2412.Test1Ejemplo@78e117e3]" name="obtenerNombreDeLosMetodos" is-config="true" duration-ms="0" started-at="2017-11-03T17:17:26Z" finished-at="2017-11-03T17:17:26Z">
          <params>
            <param index="0">
              <value>
                <![CDATA[public void com.tsoftlatam.automatizacion.test.extentReport_2412.Test1Ejemplo.paso1()]]>
              </value>
            </param>
          </params>
          <reporter-output>
          </reporter-output>
        </test-method> <!-- obtenerNombreDeLosMetodos -->
        <test-method status="PASS" signature="paso1()[pri:0, instance:com.tsoftlatam.automatizacion.test.extentReport_2412.Test1Ejemplo@78e117e3]" name="paso1" duration-ms="3516" started-at="2017-11-03T17:17:26Z" finished-at="2017-11-03T17:17:29Z">
          <reporter-output>
          </reporter-output>
        </test-method> <!-- paso1 -->
        <test-method status="PASS" signature="afterMethod()[pri:0, instance:com.tsoftlatam.automatizacion.test.extentReport_2412.Test1Ejemplo@78e117e3]" name="afterMethod" is-config="true" duration-ms="3" started-at="2017-11-03T17:17:29Z" finished-at="2017-11-03T17:17:29Z">
          <reporter-output>
          </reporter-output>
        </test-method> <!-- afterMethod -->
        <test-method status="PASS" signature="obtenerNombreDeLosMetodos(java.lang.reflect.Method)[pri:0, instance:com.tsoftlatam.automatizacion.test.extentReport_2412.Test1Ejemplo@78e117e3]" name="obtenerNombreDeLosMetodos" is-config="true" duration-ms="1" started-at="2017-11-03T17:17:29Z" finished-at="2017-11-03T17:17:29Z">
          <params>
            <param index="0">
              <value>
                <![CDATA[public void com.tsoftlatam.automatizacion.test.extentReport_2412.Test1Ejemplo.paso2()]]>
              </value>
            </param>
          </params>
          <reporter-output>
          </reporter-output>
        </test-method> <!-- obtenerNombreDeLosMetodos -->
        <test-method status="FAIL" signature="paso2()[pri:0, instance:com.tsoftlatam.automatizacion.test.extentReport_2412.Test1Ejemplo@78e117e3]" name="paso2" duration-ms="10563" started-at="2017-11-03T17:17:29Z" finished-at="2017-11-03T17:17:40Z">
          <exception class="java.lang.AssertionError">
            <message>
              <![CDATA[NO ESTAMOS EN LA PAGINA LEAVE LIST]]>
            </message>
            <full-stacktrace>
              <![CDATA[java.lang.AssertionError: NO ESTAMOS EN LA PAGINA LEAVE LIST
	at org.testng.Assert.fail(Assert.java:93)
	at com.tsoftlatam.automatizacion.test.extentReport_2412.Test1Ejemplo.paso2(Test1Ejemplo.java:63)
	at sun.reflect.NativeMethodAccessorImpl.invoke0(Native Method)
	at sun.reflect.NativeMethodAccessorImpl.invoke(NativeMethodAccessorImpl.java:62)
	at sun.reflect.DelegatingMethodAccessorImpl.invoke(DelegatingMethodAccessorImpl.java:43)
	at java.lang.reflect.Method.invoke(Method.java:498)
	at org.testng.internal.MethodInvocationHelper.invokeMethod(MethodInvocationHelper.java:108)
	at org.testng.internal.Invoker.invokeMethod(Invoker.java:661)
	at org.testng.internal.Invoker.invokeTestMethod(Invoker.java:869)
	at org.testng.internal.Invoker.invokeTestMethods(Invoker.java:1193)
	at org.testng.internal.TestMethodWorker.invokeTestMethods(TestMethodWorker.java:126)
	at org.testng.internal.TestMethodWorker.run(TestMethodWorker.java:109)
	at java.util.concurrent.ThreadPoolExecutor.runWorker(ThreadPoolExecutor.java:1149)
	at java.util.concurrent.ThreadPoolExecutor$Worker.run(ThreadPoolExecutor.java:624)
	at java.lang.Thread.run(Thread.java:748)
]]>
            </full-stacktrace>
          </exception> <!-- java.lang.AssertionError -->
          <reporter-output>
          </reporter-output>
        </test-method> <!-- paso2 -->
        <test-method status="PASS" signature="afterMethod()[pri:0, instance:com.tsoftlatam.automatizacion.test.extentReport_2412.Test1Ejemplo@78e117e3]" name="afterMethod" is-config="true" duration-ms="0" started-at="2017-11-03T17:17:40Z" finished-at="2017-11-03T17:17:40Z">
          <reporter-output>
          </reporter-output>
        </test-method> <!-- afterMethod -->
        <test-method status="PASS" signature="tearDown()[pri:0, instance:com.tsoftlatam.automatizacion.test.extentReport_2412.Test1Ejemplo@78e117e3]" name="tearDown" is-config="true" duration-ms="547" started-at="2017-11-03T17:17:40Z" finished-at="2017-11-03T17:17:40Z">
          <reporter-output>
          </reporter-output>
        </test-method> <!-- tearDown -->
      </class> <!-- com.tsoftlatam.automatizacion.test.extentReport_2412.Test1Ejemplo -->
    </test> <!-- Firefox-Test -->
    <test name="IE-Test" duration-ms="11959" started-at="2017-11-03T20:17:40Z" finished-at="2017-11-03T20:17:52Z">
      <class name="com.tsoftlatam.automatizacion.test.extentReport_2412.Test1Ejemplo">
        <test-method status="PASS" signature="setup(java.lang.String)[pri:0, instance:com.tsoftlatam.automatizacion.test.extentReport_2412.Test1Ejemplo@35047d03]" name="setup" is-config="true" duration-ms="3022" started-at="2017-11-03T17:17:40Z" finished-at="2017-11-03T17:17:43Z">
          <params>
            <param index="0">
              <value>
                <![CDATA[ie]]>
              </value>
            </param>
          </params>
          <reporter-output>
          </reporter-output>
        </test-method> <!-- setup -->
        <test-method status="PASS" signature="paso1()[pri:0, instance:com.tsoftlatam.automatizacion.test.extentReport_2412.Test1Ejemplo@35047d03]" name="paso1" duration-ms="5782" started-at="2017-11-03T17:17:43Z" finished-at="2017-11-03T17:17:49Z">
          <reporter-output>
          </reporter-output>
        </test-method> <!-- paso1 -->
        <test-method status="PASS" signature="obtenerNombreDeLosMetodos(java.lang.reflect.Method)[pri:0, instance:com.tsoftlatam.automatizacion.test.extentReport_2412.Test1Ejemplo@35047d03]" name="obtenerNombreDeLosMetodos" is-config="true" duration-ms="0" started-at="2017-11-03T17:17:43Z" finished-at="2017-11-03T17:17:43Z">
          <params>
            <param index="0">
              <value>
                <![CDATA[public void com.tsoftlatam.automatizacion.test.extentReport_2412.Test1Ejemplo.paso1()]]>
              </value>
            </param>
          </params>
          <reporter-output>
          </reporter-output>
        </test-method> <!-- obtenerNombreDeLosMetodos -->
        <test-method status="PASS" signature="paso2()[pri:0, instance:com.tsoftlatam.automatizacion.test.extentReport_2412.Test1Ejemplo@35047d03]" name="paso2" duration-ms="2596" started-at="2017-11-03T17:17:49Z" finished-at="2017-11-03T17:17:52Z">
          <reporter-output>
          </reporter-output>
        </test-method> <!-- paso2 -->
        <test-method status="PASS" signature="afterMethod()[pri:0, instance:com.tsoftlatam.automatizacion.test.extentReport_2412.Test1Ejemplo@35047d03]" name="afterMethod" is-config="true" duration-ms="0" started-at="2017-11-03T17:17:49Z" finished-at="2017-11-03T17:17:49Z">
          <reporter-output>
          </reporter-output>
        </test-method> <!-- afterMethod -->
        <test-method status="PASS" signature="obtenerNombreDeLosMetodos(java.lang.reflect.Method)[pri:0, instance:com.tsoftlatam.automatizacion.test.extentReport_2412.Test1Ejemplo@35047d03]" name="obtenerNombreDeLosMetodos" is-config="true" duration-ms="0" started-at="2017-11-03T17:17:49Z" finished-at="2017-11-03T17:17:49Z">
          <params>
            <param index="0">
              <value>
                <![CDATA[public void com.tsoftlatam.automatizacion.test.extentReport_2412.Test1Ejemplo.paso2()]]>
              </value>
            </param>
          </params>
          <reporter-output>
          </reporter-output>
        </test-method> <!-- obtenerNombreDeLosMetodos -->
        <test-method status="PASS" signature="afterMethod()[pri:0, instance:com.tsoftlatam.automatizacion.test.extentReport_2412.Test1Ejemplo@35047d03]" name="afterMethod" is-config="true" duration-ms="0" started-at="2017-11-03T17:17:52Z" finished-at="2017-11-03T17:17:52Z">
          <reporter-output>
          </reporter-output>
        </test-method> <!-- afterMethod -->
        <test-method status="PASS" signature="tearDown()[pri:0, instance:com.tsoftlatam.automatizacion.test.extentReport_2412.Test1Ejemplo@35047d03]" name="tearDown" is-config="true" duration-ms="559" started-at="2017-11-03T17:17:52Z" finished-at="2017-11-03T17:17:52Z">
          <reporter-output>
          </reporter-output>
        </test-method> <!-- tearDown -->
      </class> <!-- com.tsoftlatam.automatizacion.test.extentReport_2412.Test1Ejemplo -->
    </test> <!-- IE-Test -->
    <test name="Chrome-Test" duration-ms="9945" started-at="2017-11-03T20:17:52Z" finished-at="2017-11-03T20:18:02Z">
      <class name="com.tsoftlatam.automatizacion.test.extentReport_2412.Test1Ejemplo">
        <test-method status="PASS" signature="beforeSuite()[pri:0, instance:com.tsoftlatam.automatizacion.test.extentReport_2412.Test1Ejemplo@3ba9ad43]" name="beforeSuite" is-config="true" duration-ms="156" started-at="2017-11-03T17:17:18Z" finished-at="2017-11-03T17:17:18Z">
          <reporter-output>
          </reporter-output>
        </test-method> <!-- beforeSuite -->
        <test-method status="PASS" signature="setup(java.lang.String)[pri:0, instance:com.tsoftlatam.automatizacion.test.extentReport_2412.Test1Ejemplo@3ba9ad43]" name="setup" is-config="true" duration-ms="5064" started-at="2017-11-03T17:17:52Z" finished-at="2017-11-03T17:17:57Z">
          <params>
            <param index="0">
              <value>
                <![CDATA[chrome]]>
              </value>
            </param>
          </params>
          <reporter-output>
          </reporter-output>
        </test-method> <!-- setup -->
        <test-method status="PASS" signature="paso1()[pri:0, instance:com.tsoftlatam.automatizacion.test.extentReport_2412.Test1Ejemplo@3ba9ad43]" name="paso1" duration-ms="2952" started-at="2017-11-03T17:17:57Z" finished-at="2017-11-03T17:18:00Z">
          <reporter-output>
          </reporter-output>
        </test-method> <!-- paso1 -->
        <test-method status="PASS" signature="obtenerNombreDeLosMetodos(java.lang.reflect.Method)[pri:0, instance:com.tsoftlatam.automatizacion.test.extentReport_2412.Test1Ejemplo@3ba9ad43]" name="obtenerNombreDeLosMetodos" is-config="true" duration-ms="0" started-at="2017-11-03T17:17:57Z" finished-at="2017-11-03T17:17:57Z">
          <params>
            <param index="0">
              <value>
                <![CDATA[public void com.tsoftlatam.automatizacion.test.extentReport_2412.Test1Ejemplo.paso1()]]>
              </value>
            </param>
          </params>
          <reporter-output>
          </reporter-output>
        </test-method> <!-- obtenerNombreDeLosMetodos -->
        <test-method status="PASS" signature="afterMethod()[pri:0, instance:com.tsoftlatam.automatizacion.test.extentReport_2412.Test1Ejemplo@3ba9ad43]" name="afterMethod" is-config="true" duration-ms="0" started-at="2017-11-03T17:18:00Z" finished-at="2017-11-03T17:18:00Z">
          <reporter-output>
          </reporter-output>
        </test-method> <!-- afterMethod -->
        <test-method status="PASS" signature="paso2()[pri:0, instance:com.tsoftlatam.automatizacion.test.extentReport_2412.Test1Ejemplo@3ba9ad43]" name="paso2" duration-ms="1185" started-at="2017-11-03T17:18:00Z" finished-at="2017-11-03T17:18:02Z">
          <reporter-output>
          </reporter-output>
        </test-method> <!-- paso2 -->
        <test-method status="PASS" signature="obtenerNombreDeLosMetodos(java.lang.reflect.Method)[pri:0, instance:com.tsoftlatam.automatizacion.test.extentReport_2412.Test1Ejemplo@3ba9ad43]" name="obtenerNombreDeLosMetodos" is-config="true" duration-ms="0" started-at="2017-11-03T17:18:00Z" finished-at="2017-11-03T17:18:00Z">
          <params>
            <param index="0">
              <value>
                <![CDATA[public void com.tsoftlatam.automatizacion.test.extentReport_2412.Test1Ejemplo.paso2()]]>
              </value>
            </param>
          </params>
          <reporter-output>
          </reporter-output>
        </test-method> <!-- obtenerNombreDeLosMetodos -->
        <test-method status="PASS" signature="afterMethod()[pri:0, instance:com.tsoftlatam.automatizacion.test.extentReport_2412.Test1Ejemplo@3ba9ad43]" name="afterMethod" is-config="true" duration-ms="0" started-at="2017-11-03T17:18:02Z" finished-at="2017-11-03T17:18:02Z">
          <reporter-output>
          </reporter-output>
        </test-method> <!-- afterMethod -->
        <test-method status="PASS" signature="tearDown()[pri:0, instance:com.tsoftlatam.automatizacion.test.extentReport_2412.Test1Ejemplo@3ba9ad43]" name="tearDown" is-config="true" duration-ms="744" started-at="2017-11-03T17:18:02Z" finished-at="2017-11-03T17:18:02Z">
          <reporter-output>
          </reporter-output>
        </test-method> <!-- tearDown -->
        <test-method status="PASS" signature="afterSuite()[pri:0, instance:com.tsoftlatam.automatizacion.test.extentReport_2412.Test1Ejemplo@3ba9ad43]" name="afterSuite" is-config="true" duration-ms="278" started-at="2017-11-03T17:18:02Z" finished-at="2017-11-03T17:18:03Z">
          <reporter-output>
          </reporter-output>
        </test-method> <!-- afterSuite -->
      </class> <!-- com.tsoftlatam.automatizacion.test.extentReport_2412.Test1Ejemplo -->
    </test> <!-- Chrome-Test -->
  </suite> <!-- Suite -->
</testng-results>
