<?xml version="1.0" encoding="UTF-8"?>
<!-- Generated by org.testng.reporters.JUnitReportReporter -->
<testsuite skipped="0" hostname="DESKTOP-CSDHVRH" name="com.tsoftlatam.automatizacion.test.extentReport_2412.Test1Ejemplo" tests="6" failures="1" timestamp="03 nov 2017 20:18:03 GMT" time="26.598" errors="0">
  <testcase name="paso2" time="2.596" classname="com.tsoftlatam.automatizacion.test.extentReport_2412.Test1Ejemplo"/>
  <testcase name="paso2" time="1.185" classname="com.tsoftlatam.automatizacion.test.extentReport_2412.Test1Ejemplo"/>
  <testcase name="paso1" time="5.782" classname="com.tsoftlatam.automatizacion.test.extentReport_2412.Test1Ejemplo"/>
  <testcase name="paso1" time="2.952" classname="com.tsoftlatam.automatizacion.test.extentReport_2412.Test1Ejemplo"/>
  <testcase name="paso2" time="10.563" classname="com.tsoftlatam.automatizacion.test.extentReport_2412.Test1Ejemplo">
    <failure type="java.lang.AssertionError" message="NO ESTAMOS EN LA PAGINA LEAVE LIST">
      <![CDATA[java.lang.AssertionError: NO ESTAMOS EN LA PAGINA LEAVE LIST
	at org.testng.Assert.fail(Assert.java:93)
	at com.tsoftlatam.automatizacion.test.extentReport_2412.Test1Ejemplo.paso2(Test1Ejemplo.java:63)
	at sun.reflect.NativeMethodAccessorImpl.invoke0(Native Method)
	at sun.reflect.NativeMethodAccessorImpl.invoke(NativeMethodAccessorImpl.java:62)
	at sun.reflect.DelegatingMethodAccessorImpl.invoke(DelegatingMethodAccessorImpl.java:43)
	at java.lang.reflect.Method.invoke(Method.java:498)
	at org.testng.internal.MethodInvocationHelper.invokeMethod(MethodInvocationHelper.java:108)
	at org.testng.internal.Invoker.invokeMethod(Invoker.java:661)
	at org.testng.internal.Invoker.invokeTestMethod(Invoker.java:869)
	at org.testng.internal.Invoker.invokeTestMethods(Invoker.java:1193)
	at org.testng.internal.TestMethodWorker.invokeTestMethods(TestMethodWorker.java:126)
	at org.testng.internal.TestMethodWorker.run(TestMethodWorker.java:109)
	at java.util.concurrent.ThreadPoolExecutor.runWorker(ThreadPoolExecutor.java:1149)
	at java.util.concurrent.ThreadPoolExecutor$Worker.run(ThreadPoolExecutor.java:624)
	at java.lang.Thread.run(Thread.java:748)
]]>
    </failure>
  </testcase> <!-- paso2 -->
  <testcase name="paso1" time="3.520" classname="com.tsoftlatam.automatizacion.test.extentReport_2412.Test1Ejemplo"/>
</testsuite> <!-- com.tsoftlatam.automatizacion.test.extentReport_2412.Test1Ejemplo -->
